[0.390s] Invoking command in '/home/ark/Workspaces/ros2_ws/src/py_pubsub': PYTHONPATH=/home/ark/Workspaces/ros2_ws/build/py_pubsub/prefix_override:/home/ark/Workspaces/ros2_ws/install/py_pubsub/lib/python3.10/site-packages:${PYTHONPATH} /usr/bin/python3 setup.py egg_info --egg-base ../../build/py_pubsub build --build-base /home/ark/Workspaces/ros2_ws/build/py_pubsub/build install --record /home/ark/Workspaces/ros2_ws/build/py_pubsub/install.log --single-version-externally-managed
[0.555s] running egg_info
[0.555s] writing ../../build/py_pubsub/py_pubsub.egg-info/PKG-INFO
[0.555s] writing dependency_links to ../../build/py_pubsub/py_pubsub.egg-info/dependency_links.txt
[0.555s] writing entry points to ../../build/py_pubsub/py_pubsub.egg-info/entry_points.txt
[0.555s] writing requirements to ../../build/py_pubsub/py_pubsub.egg-info/requires.txt
[0.555s] writing top-level names to ../../build/py_pubsub/py_pubsub.egg-info/top_level.txt
[0.556s] reading manifest file '../../build/py_pubsub/py_pubsub.egg-info/SOURCES.txt'
[0.557s] writing manifest file '../../build/py_pubsub/py_pubsub.egg-info/SOURCES.txt'
[0.557s] running build
[0.557s] running build_py
[0.557s] copying py_pubsub/publisher_member_function.py -> /home/ark/Workspaces/ros2_ws/build/py_pubsub/build/lib/py_pubsub
[0.557s] running install
[0.557s] /usr/lib/python3/dist-packages/setuptools/command/install.py:34: SetuptoolsDeprecationWarning: setup.py install is deprecated. Use build and pip and other standards-based tools.
[0.557s]   warnings.warn(
[0.557s] running install_lib
[0.558s] copying /home/ark/Workspaces/ros2_ws/build/py_pubsub/build/lib/py_pubsub/publisher_member_function.py -> /home/ark/Workspaces/ros2_ws/install/py_pubsub/lib/python3.10/site-packages/py_pubsub
[0.558s] byte-compiling /home/ark/Workspaces/ros2_ws/install/py_pubsub/lib/python3.10/site-packages/py_pubsub/publisher_member_function.py to publisher_member_function.cpython-310.pyc
[0.558s] running install_data
[0.559s] running install_egg_info
[0.560s] removing '/home/ark/Workspaces/ros2_ws/install/py_pubsub/lib/python3.10/site-packages/py_pubsub-0.0.0-py3.10.egg-info' (and everything under it)
[0.560s] Copying ../../build/py_pubsub/py_pubsub.egg-info to /home/ark/Workspaces/ros2_ws/install/py_pubsub/lib/python3.10/site-packages/py_pubsub-0.0.0-py3.10.egg-info
[0.560s] running install_scripts
[0.572s] Installing listener script to /home/ark/Workspaces/ros2_ws/install/py_pubsub/lib/py_pubsub
[0.572s] Installing talker script to /home/ark/Workspaces/ros2_ws/install/py_pubsub/lib/py_pubsub
[0.572s] writing list of installed files to '/home/ark/Workspaces/ros2_ws/build/py_pubsub/install.log'
[0.585s] Invoked command in '/home/ark/Workspaces/ros2_ws/src/py_pubsub' returned '0': PYTHONPATH=/home/ark/Workspaces/ros2_ws/build/py_pubsub/prefix_override:/home/ark/Workspaces/ros2_ws/install/py_pubsub/lib/python3.10/site-packages:${PYTHONPATH} /usr/bin/python3 setup.py egg_info --egg-base ../../build/py_pubsub build --build-base /home/ark/Workspaces/ros2_ws/build/py_pubsub/build install --record /home/ark/Workspaces/ros2_ws/build/py_pubsub/install.log --single-version-externally-managed
