[0.457s] Invoking command in '/home/ark/Workspaces/ros2_ws/src/py_pubsub': PYTHONPATH=/home/ark/Workspaces/ros2_ws/build/py_pubsub/prefix_override:/home/ark/Workspaces/ros2_ws/install/py_pubsub/lib/python3.10/site-packages:${PYTHONPATH} /usr/bin/python3 setup.py egg_info --egg-base ../../build/py_pubsub build --build-base /home/ark/Workspaces/ros2_ws/build/py_pubsub/build install --record /home/ark/Workspaces/ros2_ws/build/py_pubsub/install.log --single-version-externally-managed
[0.661s] running egg_info
[0.661s] writing ../../build/py_pubsub/py_pubsub.egg-info/PKG-INFO
[0.662s] writing dependency_links to ../../build/py_pubsub/py_pubsub.egg-info/dependency_links.txt
[0.662s] writing entry points to ../../build/py_pubsub/py_pubsub.egg-info/entry_points.txt
[0.662s] writing requirements to ../../build/py_pubsub/py_pubsub.egg-info/requires.txt
[0.662s] writing top-level names to ../../build/py_pubsub/py_pubsub.egg-info/top_level.txt
[0.663s] reading manifest file '../../build/py_pubsub/py_pubsub.egg-info/SOURCES.txt'
[0.664s] writing manifest file '../../build/py_pubsub/py_pubsub.egg-info/SOURCES.txt'
[0.664s] running build
[0.665s] running build_py
[0.665s] copying py_pubsub/subscriber_member_function.py -> /home/ark/Workspaces/ros2_ws/build/py_pubsub/build/lib/py_pubsub
[0.665s] running install
[0.665s] /usr/lib/python3/dist-packages/setuptools/command/install.py:34: SetuptoolsDeprecationWarning: setup.py install is deprecated. Use build and pip and other standards-based tools.
[0.665s]   warnings.warn(
[0.665s] running install_lib
[0.666s] copying /home/ark/Workspaces/ros2_ws/build/py_pubsub/build/lib/py_pubsub/subscriber_member_function.py -> /home/ark/Workspaces/ros2_ws/install/py_pubsub/lib/python3.10/site-packages/py_pubsub
[0.666s] byte-compiling /home/ark/Workspaces/ros2_ws/install/py_pubsub/lib/python3.10/site-packages/py_pubsub/subscriber_member_function.py to subscriber_member_function.cpython-310.pyc
[0.667s] running install_data
[0.667s] running install_egg_info
[0.668s] removing '/home/ark/Workspaces/ros2_ws/install/py_pubsub/lib/python3.10/site-packages/py_pubsub-0.0.0-py3.10.egg-info' (and everything under it)
[0.668s] Copying ../../build/py_pubsub/py_pubsub.egg-info to /home/ark/Workspaces/ros2_ws/install/py_pubsub/lib/python3.10/site-packages/py_pubsub-0.0.0-py3.10.egg-info
[0.669s] running install_scripts
[0.685s] Installing listener script to /home/ark/Workspaces/ros2_ws/install/py_pubsub/lib/py_pubsub
[0.685s] Installing talker script to /home/ark/Workspaces/ros2_ws/install/py_pubsub/lib/py_pubsub
[0.685s] writing list of installed files to '/home/ark/Workspaces/ros2_ws/build/py_pubsub/install.log'
[0.703s] Invoked command in '/home/ark/Workspaces/ros2_ws/src/py_pubsub' returned '0': PYTHONPATH=/home/ark/Workspaces/ros2_ws/build/py_pubsub/prefix_override:/home/ark/Workspaces/ros2_ws/install/py_pubsub/lib/python3.10/site-packages:${PYTHONPATH} /usr/bin/python3 setup.py egg_info --egg-base ../../build/py_pubsub build --build-base /home/ark/Workspaces/ros2_ws/build/py_pubsub/build install --record /home/ark/Workspaces/ros2_ws/build/py_pubsub/install.log --single-version-externally-managed
